[31-Aug-2020 00:05:47 UTC] PHP Warning:  An unexpected error occurred. Something may be wrong with WordPress.org or this server&#8217;s configuration. If you continue to have problems, please try the <a href="https://wordpress.org/support/forums/">support forums</a>. (WordPress could not establish a secure connection to WordPress.org. Please contact your server administrator.) in /Users/ryancho/work/medi-hi-master/wp-includes/update.php on line 388
[31-Aug-2020 03:37:41 UTC] PHP Warning:  mysqli_real_connect(): (HY000/2002): No such file or directory in /Users/ryancho/work/medi-hi-master/wp-includes/wp-db.php on line 1626
[31-Aug-2020 03:37:41 UTC] PHP Warning:  mysqli_real_connect(): (HY000/2002): No such file or directory in /Users/ryancho/work/medi-hi-master/wp-includes/wp-db.php on line 1626
[31-Aug-2020 04:02:45 UTC] PHP Warning:  mysqli_real_connect(): (HY000/2002): No such file or directory in /Users/ryancho/work/medi-hi-master/wp-includes/wp-db.php on line 1626
[01-Sep-2020 10:22:33 UTC] PHP Notice:  Undefined index: changelog in /Users/ryancho/work/medi-hi-master/wp-content/plugins/wpml-sitepress-multilingual-cms/vendor/otgs/installer/includes/products/OTGS_Installer_Products_Parser.php on line 127
[01-Sep-2020 10:22:33 UTC] PHP Notice:  Undefined index: version in /Users/ryancho/work/medi-hi-master/wp-content/plugins/wpml-sitepress-multilingual-cms/vendor/otgs/installer/includes/products/OTGS_Installer_Products_Parser.php on line 127
[01-Sep-2020 10:22:33 UTC] PHP Notice:  Undefined index: changelog in /Users/ryancho/work/medi-hi-master/wp-content/plugins/wpml-sitepress-multilingual-cms/vendor/otgs/installer/includes/products/OTGS_Installer_Products_Parser.php on line 127
[01-Sep-2020 10:22:33 UTC] PHP Notice:  Undefined index: version in /Users/ryancho/work/medi-hi-master/wp-content/plugins/wpml-sitepress-multilingual-cms/vendor/otgs/installer/includes/products/OTGS_Installer_Products_Parser.php on line 127
[01-Sep-2020 10:22:33 UTC] PHP Notice:  Undefined index: changelog in /Users/ryancho/work/medi-hi-master/wp-content/plugins/wpml-sitepress-multilingual-cms/vendor/otgs/installer/includes/products/OTGS_Installer_Products_Parser.php on line 127
[01-Sep-2020 10:22:33 UTC] PHP Notice:  Undefined index: version in /Users/ryancho/work/medi-hi-master/wp-content/plugins/wpml-sitepress-multilingual-cms/vendor/otgs/installer/includes/products/OTGS_Installer_Products_Parser.php on line 127
[01-Sep-2020 17:12:01 UTC] PHP Warning:  printf(): Too few arguments in /Users/ryancho/work/medi-hi-master/wp-content/plugins/wpml-sitepress-multilingual-cms/menu/languages.php on line 874
[01-Sep-2020 17:13:19 UTC] PHP Warning:  printf(): Too few arguments in /Users/ryancho/work/medi-hi-master/wp-content/plugins/wpml-sitepress-multilingual-cms/menu/languages.php on line 874
[01-Sep-2020 17:13:32 UTC] PHP Warning:  printf(): Too few arguments in /Users/ryancho/work/medi-hi-master/wp-content/plugins/wpml-sitepress-multilingual-cms/menu/languages.php on line 874
[01-Sep-2020 17:13:43 UTC] PHP Warning:  printf(): Too few arguments in /Users/ryancho/work/medi-hi-master/wp-content/plugins/wpml-sitepress-multilingual-cms/menu/languages.php on line 874
[02-Sep-2020 02:04:30 UTC] PHP Notice:  Undefined index: phone_code in /Users/ryancho/work/medi-hi-master/wp-content/plugins/brand-h/inc/Base/TestimonialController.php on line 53
[02-Sep-2020 02:05:58 UTC] PHP Notice:  Undefined index: phone_code in /Users/ryancho/work/medi-hi-master/wp-content/plugins/brand-h/inc/Base/TestimonialController.php on line 53
[02-Sep-2020 02:10:28 UTC] PHP Notice:  Undefined index: phone_code in /Users/ryancho/work/medi-hi-master/wp-content/plugins/brand-h/inc/Base/TestimonialController.php on line 53
[02-Sep-2020 02:12:06 UTC] PHP Notice:  Undefined index: phone_code in /Users/ryancho/work/medi-hi-master/wp-content/plugins/brand-h/inc/Base/TestimonialController.php on line 53
[02-Sep-2020 02:14:51 UTC] PHP Notice:  Undefined index: phone_code in /Users/ryancho/work/medi-hi-master/wp-content/plugins/brand-h/inc/Base/TestimonialController.php on line 53
[02-Sep-2020 02:20:31 UTC] PHP Notice:  Undefined index: phone_code in /Users/ryancho/work/medi-hi-master/wp-content/plugins/brand-h/inc/Base/TestimonialController.php on line 53
[02-Sep-2020 02:57:26 UTC] PHP Notice:  Undefined variable: message in /Users/ryancho/work/medi-hi-master/wp-content/plugins/brand-h/inc/Base/TestimonialController.php on line 207
[02-Sep-2020 02:58:37 UTC] PHP Notice:  Undefined variable: message in /Users/ryancho/work/medi-hi-master/wp-content/plugins/brand-h/inc/Base/TestimonialController.php on line 207
[02-Sep-2020 02:59:32 UTC] PHP Notice:  Undefined variable: message in /Users/ryancho/work/medi-hi-master/wp-content/plugins/brand-h/inc/Base/TestimonialController.php on line 208
[02-Sep-2020 03:48:10 UTC] PHP Notice:  Undefined index: message in /Users/ryancho/work/medi-hi-master/wp-content/plugins/brand-h/inc/Base/TestimonialController.php on line 52
[02-Sep-2020 15:43:03 UTC] PHP Notice:  Undefined index: changelog in /Users/ryancho/work/medi-hi-master/wp-content/plugins/wpml-sitepress-multilingual-cms/vendor/otgs/installer/includes/products/OTGS_Installer_Products_Parser.php on line 127
[02-Sep-2020 15:43:03 UTC] PHP Notice:  Undefined index: version in /Users/ryancho/work/medi-hi-master/wp-content/plugins/wpml-sitepress-multilingual-cms/vendor/otgs/installer/includes/products/OTGS_Installer_Products_Parser.php on line 127
[02-Sep-2020 15:43:03 UTC] PHP Notice:  Undefined index: changelog in /Users/ryancho/work/medi-hi-master/wp-content/plugins/wpml-sitepress-multilingual-cms/vendor/otgs/installer/includes/products/OTGS_Installer_Products_Parser.php on line 127
[02-Sep-2020 15:43:03 UTC] PHP Notice:  Undefined index: version in /Users/ryancho/work/medi-hi-master/wp-content/plugins/wpml-sitepress-multilingual-cms/vendor/otgs/installer/includes/products/OTGS_Installer_Products_Parser.php on line 127
[02-Sep-2020 15:43:03 UTC] PHP Notice:  Undefined index: changelog in /Users/ryancho/work/medi-hi-master/wp-content/plugins/wpml-sitepress-multilingual-cms/vendor/otgs/installer/includes/products/OTGS_Installer_Products_Parser.php on line 127
[02-Sep-2020 15:43:03 UTC] PHP Notice:  Undefined index: version in /Users/ryancho/work/medi-hi-master/wp-content/plugins/wpml-sitepress-multilingual-cms/vendor/otgs/installer/includes/products/OTGS_Installer_Products_Parser.php on line 127
[02-Sep-2020 15:57:08 UTC] PHP Notice:  Undefined index: message in /Users/ryancho/work/medi-hi-master/wp-content/plugins/brand-h/inc/Base/TestimonialController.php on line 52
[02-Sep-2020 16:16:01 UTC] PHP Notice:  Undefined index: message in /Users/ryancho/work/medi-hi-master/wp-content/plugins/brand-h/inc/Base/TestimonialController.php on line 52
[02-Sep-2020 16:44:26 UTC] PHP Notice:  Undefined index: message in /Users/ryancho/work/medi-hi-master/wp-content/plugins/brand-h/inc/Base/TestimonialController.php on line 52
[02-Sep-2020 16:45:07 UTC] PHP Notice:  Undefined index: message in /Users/ryancho/work/medi-hi-master/wp-content/plugins/brand-h/inc/Base/TestimonialController.php on line 52
[02-Sep-2020 16:48:04 UTC] PHP Notice:  Undefined index: message in /Users/ryancho/work/medi-hi-master/wp-content/plugins/brand-h/inc/Base/TestimonialController.php on line 52
[02-Sep-2020 16:48:16 UTC] PHP Notice:  Undefined index: message in /Users/ryancho/work/medi-hi-master/wp-content/plugins/brand-h/inc/Base/TestimonialController.php on line 52
[02-Sep-2020 16:49:43 UTC] PHP Notice:  Undefined index: message in /Users/ryancho/work/medi-hi-master/wp-content/plugins/brand-h/inc/Base/TestimonialController.php on line 52
[02-Sep-2020 17:19:36 UTC] PHP Notice:  Undefined index: message in /Users/ryancho/work/medi-hi-master/wp-content/plugins/brand-h/inc/Base/TestimonialController.php on line 52
[02-Sep-2020 17:21:20 UTC] PHP Notice:  Undefined index: message in /Users/ryancho/work/medi-hi-master/wp-content/plugins/brand-h/inc/Base/TestimonialController.php on line 52
[02-Sep-2020 17:24:04 UTC] PHP Notice:  Undefined index: message in /Users/ryancho/work/medi-hi-master/wp-content/plugins/brand-h/inc/Base/TestimonialController.php on line 52
[02-Sep-2020 17:59:55 UTC] PHP Notice:  Undefined index: message in /Users/ryancho/work/medi-hi-master/wp-content/plugins/brand-h/inc/Base/TestimonialController.php on line 52
[02-Sep-2020 18:00:39 UTC] PHP Notice:  Undefined index: message in /Users/ryancho/work/medi-hi-master/wp-content/plugins/brand-h/inc/Base/TestimonialController.php on line 52
[02-Sep-2020 18:00:43 UTC] PHP Notice:  Undefined index: message in /Users/ryancho/work/medi-hi-master/wp-content/plugins/brand-h/inc/Base/TestimonialController.php on line 52
[02-Sep-2020 18:01:25 UTC] PHP Notice:  Undefined index: message in /Users/ryancho/work/medi-hi-master/wp-content/plugins/brand-h/inc/Base/TestimonialController.php on line 52
[02-Sep-2020 18:02:46 UTC] PHP Notice:  Undefined index: message in /Users/ryancho/work/medi-hi-master/wp-content/plugins/brand-h/inc/Base/TestimonialController.php on line 52
[02-Sep-2020 18:02:46 UTC] PHP Notice:  Undefined variable: mailResult in /Users/ryancho/work/medi-hi-master/wp-content/plugins/brand-h/inc/Base/TestimonialController.php on line 91
[02-Sep-2020 18:04:48 UTC] PHP Notice:  Undefined index: message in /Users/ryancho/work/medi-hi-master/wp-content/plugins/brand-h/inc/Base/TestimonialController.php on line 52
[02-Sep-2020 18:05:24 UTC] PHP Notice:  Undefined index: message in /Users/ryancho/work/medi-hi-master/wp-content/plugins/brand-h/inc/Base/TestimonialController.php on line 52
[02-Sep-2020 18:10:42 UTC] PHP Notice:  Undefined index: message in /Users/ryancho/work/medi-hi-master/wp-content/plugins/brand-h/inc/Base/TestimonialController.php on line 52
[02-Sep-2020 22:12:55 UTC] PHP Notice:  Undefined index: message in /Users/ryancho/work/medi-hi-master/wp-content/plugins/brand-h/inc/Base/TestimonialController.php on line 52
[02-Sep-2020 22:13:50 UTC] PHP Notice:  Undefined index: message in /Users/ryancho/work/medi-hi-master/wp-content/plugins/brand-h/inc/Base/TestimonialController.php on line 52
[02-Sep-2020 22:13:50 UTC] PHP Notice:  Undefined variable: subject in /Users/ryancho/work/medi-hi-master/wp-content/plugins/brand-h/inc/Base/TestimonialController.php on line 90
[02-Sep-2020 22:13:50 UTC] PHP Notice:  Undefined variable: headers in /Users/ryancho/work/medi-hi-master/wp-content/plugins/brand-h/inc/Base/TestimonialController.php on line 90
[02-Sep-2020 22:39:28 UTC] PHP Parse error:  syntax error, unexpected end of file in /Users/ryancho/work/medi-hi-master/wp-content/plugins/brand-h/templates/contact-form.php on line 85
[02-Sep-2020 22:39:29 UTC] PHP Parse error:  syntax error, unexpected end of file in /Users/ryancho/work/medi-hi-master/wp-content/plugins/brand-h/templates/contact-form.php on line 85
[02-Sep-2020 23:00:55 UTC] PHP Parse error:  syntax error, unexpected '}', expecting ',' or ';' in /Users/ryancho/work/medi-hi-master/wp-content/plugins/brand-h/inc/Base/TestimonialController.php on line 93
[02-Sep-2020 23:01:58 UTC] PHP Notice:  Undefined index: message in /Users/ryancho/work/medi-hi-master/wp-content/plugins/brand-h/inc/Base/TestimonialController.php on line 52
[02-Sep-2020 23:01:58 UTC] PHP Notice:  Undefined variable: subject in /Users/ryancho/work/medi-hi-master/wp-content/plugins/brand-h/inc/Base/TestimonialController.php on line 90
[02-Sep-2020 23:01:58 UTC] PHP Notice:  Undefined variable: headers in /Users/ryancho/work/medi-hi-master/wp-content/plugins/brand-h/inc/Base/TestimonialController.php on line 90
[02-Sep-2020 23:17:03 UTC] PHP Notice:  Undefined index: message in /Users/ryancho/work/medi-hi-master/wp-content/plugins/brand-h/inc/Base/TestimonialController.php on line 52
[02-Sep-2020 23:17:03 UTC] PHP Notice:  Undefined variable: subject in /Users/ryancho/work/medi-hi-master/wp-content/plugins/brand-h/inc/Base/TestimonialController.php on line 90
[02-Sep-2020 23:17:03 UTC] PHP Notice:  Undefined variable: headers in /Users/ryancho/work/medi-hi-master/wp-content/plugins/brand-h/inc/Base/TestimonialController.php on line 90
[02-Sep-2020 23:18:32 UTC] PHP Notice:  Undefined index: message in /Users/ryancho/work/medi-hi-master/wp-content/plugins/brand-h/inc/Base/TestimonialController.php on line 52
[02-Sep-2020 23:18:32 UTC] PHP Notice:  Undefined variable: subject in /Users/ryancho/work/medi-hi-master/wp-content/plugins/brand-h/inc/Base/TestimonialController.php on line 90
[02-Sep-2020 23:18:32 UTC] PHP Notice:  Undefined variable: headers in /Users/ryancho/work/medi-hi-master/wp-content/plugins/brand-h/inc/Base/TestimonialController.php on line 90
[02-Sep-2020 23:20:48 UTC] PHP Notice:  Undefined index: message in /Users/ryancho/work/medi-hi-master/wp-content/plugins/brand-h/inc/Base/TestimonialController.php on line 52
[02-Sep-2020 23:20:48 UTC] PHP Notice:  Undefined variable: subject in /Users/ryancho/work/medi-hi-master/wp-content/plugins/brand-h/inc/Base/TestimonialController.php on line 90
[02-Sep-2020 23:20:48 UTC] PHP Notice:  Undefined variable: headers in /Users/ryancho/work/medi-hi-master/wp-content/plugins/brand-h/inc/Base/TestimonialController.php on line 90
[02-Sep-2020 23:21:32 UTC] PHP Notice:  Undefined index: message in /Users/ryancho/work/medi-hi-master/wp-content/plugins/brand-h/inc/Base/TestimonialController.php on line 52
[02-Sep-2020 23:21:32 UTC] PHP Notice:  Undefined variable: subject in /Users/ryancho/work/medi-hi-master/wp-content/plugins/brand-h/inc/Base/TestimonialController.php on line 90
[02-Sep-2020 23:21:32 UTC] PHP Notice:  Undefined variable: headers in /Users/ryancho/work/medi-hi-master/wp-content/plugins/brand-h/inc/Base/TestimonialController.php on line 90
[02-Sep-2020 23:21:37 UTC] PHP Notice:  Undefined index: message in /Users/ryancho/work/medi-hi-master/wp-content/plugins/brand-h/inc/Base/TestimonialController.php on line 52
[02-Sep-2020 23:21:37 UTC] PHP Notice:  Undefined variable: subject in /Users/ryancho/work/medi-hi-master/wp-content/plugins/brand-h/inc/Base/TestimonialController.php on line 90
[02-Sep-2020 23:21:37 UTC] PHP Notice:  Undefined variable: headers in /Users/ryancho/work/medi-hi-master/wp-content/plugins/brand-h/inc/Base/TestimonialController.php on line 90
[02-Sep-2020 23:23:13 UTC] PHP Parse error:  syntax error, unexpected 'yes' (T_STRING), expecting ',' or ';' in /Users/ryancho/work/medi-hi-master/wp-content/plugins/brand-h/inc/Base/TestimonialController.php on line 94
[02-Sep-2020 23:24:39 UTC] PHP Parse error:  syntax error, unexpected 'Hello' (T_STRING), expecting ',' or ';' in /Users/ryancho/work/medi-hi-master/wp-content/plugins/brand-h/inc/Base/TestimonialController.php on line 94
[02-Sep-2020 23:24:43 UTC] PHP Parse error:  syntax error, unexpected 'Hello' (T_STRING), expecting ',' or ';' in /Users/ryancho/work/medi-hi-master/wp-content/plugins/brand-h/inc/Base/TestimonialController.php on line 94
[02-Sep-2020 23:24:44 UTC] PHP Parse error:  syntax error, unexpected 'Hello' (T_STRING), expecting ',' or ';' in /Users/ryancho/work/medi-hi-master/wp-content/plugins/brand-h/inc/Base/TestimonialController.php on line 94
[02-Sep-2020 23:24:55 UTC] PHP Parse error:  syntax error, unexpected 'Hello' (T_STRING), expecting ',' or ';' in /Users/ryancho/work/medi-hi-master/wp-content/plugins/brand-h/inc/Base/TestimonialController.php on line 94
[02-Sep-2020 23:26:56 UTC] PHP Parse error:  syntax error, unexpected 'Hello' (T_STRING), expecting ',' or ';' in /Users/ryancho/work/medi-hi-master/wp-content/plugins/brand-h/inc/Base/TestimonialController.php on line 92
[02-Sep-2020 23:28:44 UTC] PHP Notice:  Undefined index: message in /Users/ryancho/work/medi-hi-master/wp-content/plugins/brand-h/inc/Base/TestimonialController.php on line 52
[02-Sep-2020 23:28:44 UTC] PHP Notice:  Undefined variable: subject in /Users/ryancho/work/medi-hi-master/wp-content/plugins/brand-h/inc/Base/TestimonialController.php on line 90
[02-Sep-2020 23:28:44 UTC] PHP Notice:  Undefined variable: headers in /Users/ryancho/work/medi-hi-master/wp-content/plugins/brand-h/inc/Base/TestimonialController.php on line 90
[02-Sep-2020 23:42:09 UTC] PHP Notice:  Undefined index: message in /Users/ryancho/work/medi-hi-master/wp-content/plugins/brand-h/inc/Base/TestimonialController.php on line 52
[02-Sep-2020 23:44:54 UTC] PHP Notice:  Undefined index: message in /Users/ryancho/work/medi-hi-master/wp-content/plugins/brand-h/inc/Base/TestimonialController.php on line 52
[02-Sep-2020 23:46:02 UTC] PHP Notice:  Undefined index: message in /Users/ryancho/work/medi-hi-master/wp-content/plugins/brand-h/inc/Base/TestimonialController.php on line 52
[02-Sep-2020 23:46:59 UTC] PHP Notice:  Undefined index: message in /Users/ryancho/work/medi-hi-master/wp-content/plugins/brand-h/inc/Base/TestimonialController.php on line 52
[02-Sep-2020 23:46:59 UTC] PHP Warning:  mb_strlen(): Unknown encoding &quot;iso-8859-1From: Wrote by himedi@yourdomain.com&quot; in /Users/ryancho/work/medi-hi-master/wp-includes/class-phpmailer.php on line 2853
[02-Sep-2020 23:46:59 UTC] PHP Warning:  mb_strlen(): Unknown encoding &quot;iso-8859-1From: Wrote by himedi@yourdomain.com&quot; in /Users/ryancho/work/medi-hi-master/wp-includes/class-phpmailer.php on line 2888
[02-Sep-2020 23:47:00 UTC] PHP Warning:  mb_strlen(): Unknown encoding &quot;iso-8859-1From: Wrote by himedi@yourdomain.com&quot; in /Users/ryancho/work/medi-hi-master/wp-includes/class-phpmailer.php on line 2853
[02-Sep-2020 23:47:00 UTC] PHP Warning:  mb_strlen(): Unknown encoding &quot;iso-8859-1From: Wrote by himedi@yourdomain.com&quot; in /Users/ryancho/work/medi-hi-master/wp-includes/class-phpmailer.php on line 2888
[02-Sep-2020 23:48:15 UTC] PHP Notice:  Undefined index: message in /Users/ryancho/work/medi-hi-master/wp-content/plugins/brand-h/inc/Base/TestimonialController.php on line 52
[02-Sep-2020 23:48:15 UTC] PHP Warning:  mb_strlen(): Unknown encoding &quot;iso-8859-1From: Job Post at admin@gmail.com&quot; in /Users/ryancho/work/medi-hi-master/wp-includes/class-phpmailer.php on line 2853
[02-Sep-2020 23:48:15 UTC] PHP Warning:  mb_strlen(): Unknown encoding &quot;iso-8859-1From: Job Post at admin@gmail.com&quot; in /Users/ryancho/work/medi-hi-master/wp-includes/class-phpmailer.php on line 2888
[02-Sep-2020 23:48:15 UTC] PHP Warning:  mb_strlen(): Unknown encoding &quot;iso-8859-1From: Job Post at admin@gmail.com&quot; in /Users/ryancho/work/medi-hi-master/wp-includes/class-phpmailer.php on line 2853
[02-Sep-2020 23:48:15 UTC] PHP Warning:  mb_strlen(): Unknown encoding &quot;iso-8859-1From: Job Post at admin@gmail.com&quot; in /Users/ryancho/work/medi-hi-master/wp-includes/class-phpmailer.php on line 2888
[02-Sep-2020 23:49:10 UTC] PHP Notice:  Undefined index: message in /Users/ryancho/work/medi-hi-master/wp-content/plugins/brand-h/inc/Base/TestimonialController.php on line 52
[02-Sep-2020 23:50:04 UTC] PHP Notice:  Undefined index: message in /Users/ryancho/work/medi-hi-master/wp-content/plugins/brand-h/inc/Base/TestimonialController.php on line 52
[02-Sep-2020 23:53:44 UTC] PHP Notice:  Undefined index: message in /Users/ryancho/work/medi-hi-master/wp-content/plugins/brand-h/inc/Base/TestimonialController.php on line 52
[02-Sep-2020 23:55:37 UTC] PHP Notice:  Undefined index: message in /Users/ryancho/work/medi-hi-master/wp-content/plugins/brand-h/inc/Base/TestimonialController.php on line 52
[02-Sep-2020 23:56:08 UTC] PHP Notice:  Undefined index: message in /Users/ryancho/work/medi-hi-master/wp-content/plugins/brand-h/inc/Base/TestimonialController.php on line 52
[03-Sep-2020 11:58:28 UTC] PHP Warning:  Use of undefined constant STAGS_OPTIONS_NAME - assumed 'STAGS_OPTIONS_NAME' (this will throw an Error in a future version of PHP) in /Users/ryancho/work/medi-hi-master/wp-content/plugins/simple-tags/uninstall.php on line 9
[03-Sep-2020 11:58:28 UTC] PHP Warning:  Use of undefined constant STAGS_OPTIONS_NAME - assumed 'STAGS_OPTIONS_NAME' (this will throw an Error in a future version of PHP) in /Users/ryancho/work/medi-hi-master/wp-content/plugins/simple-tags/uninstall.php on line 10
[03-Sep-2020 11:58:28 UTC] PHP Warning:  Use of undefined constant STAGS_OPTIONS_NAME_AUTO - assumed 'STAGS_OPTIONS_NAME_AUTO' (this will throw an Error in a future version of PHP) in /Users/ryancho/work/medi-hi-master/wp-content/plugins/simple-tags/uninstall.php on line 12
[06-Sep-2020 03:21:20 UTC] PHP Notice:  Undefined index: message in /Users/ryancho/work/medi-hi-master/wp-content/plugins/brand-h/inc/Base/TestimonialController.php on line 52
